<?xml version="1.0" encoding="UTF-8"?>
<!-- Generated by org.testng.reporters.JUnitXMLReporter -->
<testsuite ignored="0" hostname="DESKTOP-F396GN6" failures="1" tests="9" name="Test" time="1031.191" errors="0" timestamp="2024-03-29T13:28:46 IST">
  <testcase classname="scripts.DirectResolutionByReviewerAndRDSLSubAuditsScenario1Test" name="Annexure_Page_Test" time="4.188"/>
  <testcase classname="scripts.DirectResolutionByReviewerAndRDSLSubAuditsScenario1Test" name="Creating_Sub_AuditTypes_Test" time="320.306"/>
  <testcase classname="scripts.DirectResolutionByReviewerAndRDSLSubAuditsScenario1Test" name="Creating_Parent_Audit_Type_Test" time="295.936"/>
  <testcase classname="scripts.DirectResolutionByReviewerAndRDSLSubAuditsScenario1Test" name="Uploading_Annexure_Documents_Test" time="24.466"/>
  <testcase classname="scripts.DirectResolutionByReviewerAndRDSLSubAuditsScenario1Test" name="Auditee_Admin_Configuration_Test" time="19.015"/>
  <testcase classname="scripts.DirectResolutionByReviewerAndRDSLSubAuditsScenario1Test" name="Creating_Audit_Schedule_Test" time="18.228"/>
  <testcase classname="scripts.DirectResolutionByReviewerAndRDSLSubAuditsScenario1Test" name="Audit_Execution_Test" time="224.878"/>
  <testcase classname="scripts.DirectResolutionByReviewerAndRDSLSubAuditsScenario1Test" name="SignOff_Audit_Test" time="118.669">
    <failure type="org.openqa.selenium.TimeoutException" message="Expected condition failed: waiting for visibility of Proxy element for: DefaultElementLocator &amp;apos;By.xpath: //input[@id=&amp;apos;issue_audit_compliance_documents_attributes_0_document&amp;apos;]&amp;apos; (tried for 60 second(s) with 500 milliseconds interval)">
      <![CDATA[org.openqa.selenium.TimeoutException: Expected condition failed: waiting for visibility of Proxy element for: DefaultElementLocator 'By.xpath: //input[@id='issue_audit_compliance_documents_attributes_0_document']' (tried for 60 second(s) with 500 milliseconds interval)
at org.openqa.selenium.support.ui.WebDriverWait.timeoutException(WebDriverWait.java:95)
at org.openqa.selenium.support.ui.FluentWait.until(FluentWait.java:272)
at pom.MyAuditsPageTest.UploadDocumentsDigitalEvidences(MyAuditsPageTest.java:1292)
at scripts.DirectResolutionByReviewerAndRDSLSubAuditsScenario1Test.SignOff_Audit_Test(DirectResolutionByReviewerAndRDSLSubAuditsScenario1Test.java:3175)
at java.base/java.util.ArrayList.forEach(ArrayList.java:1511)
Caused by: org.openqa.selenium.NoSuchElementException: no such element: Unable to locate element: {"method":"xpath","selector":"//input[@id='issue_audit_compliance_documents_attributes_0_document']"}
  (Session info: chrome=123.0.6312.86)
For documentation on this error, please visit: http://seleniumhq.org/exceptions/no_such_element.html
Build info: version: '3.141.0', revision: '2ecb7d9a', time: '2018-10-31T20:09:30'
System info: host: 'DESKTOP-F396GN6', ip: '192.168.1.3', os.name: 'Windows 11', os.arch: 'amd64', os.version: '10.0', java.version: '17.0.8'
Driver info: org.openqa.selenium.chrome.ChromeDriver
Capabilities {acceptInsecureCerts: false, browserName: chrome, browserVersion: 123.0.6312.86, chrome: {chromedriverVersion: 123.0.6312.86 (9b72c47a0536..., userDataDir: C:\Users\HP\AppData\Local\T...}, fedcm:accounts: true, goog:chromeOptions: {debuggerAddress: localhost:50824}, javascriptEnabled: true, networkConnectionEnabled: false, pageLoadStrategy: normal, platform: WINDOWS, platformName: WINDOWS, proxy: Proxy(), setWindowRect: true, strictFileInteractability: false, timeouts: {implicit: 0, pageLoad: 300000, script: 30000}, unhandledPromptBehavior: dismiss and notify, webauthn:extension:credBlob: true, webauthn:extension:largeBlob: true, webauthn:extension:minPinLength: true, webauthn:extension:prf: true, webauthn:virtualAuthenticators: true}
Session ID: 36e9e7448fe35319338651a9c48eb6e7
*** Element info: {Using=xpath, value=//input[@id='issue_audit_compliance_documents_attributes_0_document']}
at org.openqa.selenium.remote.http.W3CHttpResponseCodec.createException(W3CHttpResponseCodec.java:187)
at org.openqa.selenium.remote.http.W3CHttpResponseCodec.decode(W3CHttpResponseCodec.java:122)
at org.openqa.selenium.remote.http.W3CHttpResponseCodec.decode(W3CHttpResponseCodec.java:49)
at org.openqa.selenium.remote.HttpCommandExecutor.execute(HttpCommandExecutor.java:158)
at org.openqa.selenium.remote.service.DriverCommandExecutor.execute(DriverCommandExecutor.java:83)
at org.openqa.selenium.remote.RemoteWebDriver.execute(RemoteWebDriver.java:552)
at org.openqa.selenium.remote.RemoteWebDriver.findElement(RemoteWebDriver.java:323)
at org.openqa.selenium.remote.RemoteWebDriver.findElementByXPath(RemoteWebDriver.java:428)
at org.openqa.selenium.By$ByXPath.findElement(By.java:353)
at org.openqa.selenium.remote.RemoteWebDriver.findElement(RemoteWebDriver.java:315)
at org.openqa.selenium.support.pagefactory.DefaultElementLocator.findElement(DefaultElementLocator.java:69)
at org.openqa.selenium.support.pagefactory.internal.LocatingElementHandler.invoke(LocatingElementHandler.java:38)
at jdk.proxy2/jdk.proxy2.$Proxy13.isDisplayed(Unknown Source)
at org.openqa.selenium.support.ui.ExpectedConditions.elementIfVisible(ExpectedConditions.java:314)
at org.openqa.selenium.support.ui.ExpectedConditions.access$000(ExpectedConditions.java:43)
at org.openqa.selenium.support.ui.ExpectedConditions$10.apply(ExpectedConditions.java:300)
at org.openqa.selenium.support.ui.ExpectedConditions$10.apply(ExpectedConditions.java:297)
at org.openqa.selenium.support.ui.FluentWait.until(FluentWait.java:249)
... 30 more
... Removed 31 stack frames]]>
    </failure>
  </testcase> <!-- SignOff_Audit_Test -->
  <testcase classname="scripts.DirectResolutionByReviewerAndRDSLSubAuditsScenario1Test" name="Clsoing_And_Finalizing_The_Audit_Test" time="0.0">
    <skipped/>
  </testcase> <!-- Clsoing_And_Finalizing_The_Audit_Test -->
</testsuite> <!-- Test -->
